<?xml version="1.0" encoding="UTF-8"?>
<testng-results skipped="0" failed="0" ignored="0" total="1" passed="1">
  <reporter-output>
  </reporter-output>
  <suite name="Suite" duration-ms="50" started-at="2022-12-06T07:21:37 IST" finished-at="2022-12-06T07:21:37 IST">
    <groups>
    </groups>
    <test name="Test" duration-ms="50" started-at="2022-12-06T07:21:37 IST" finished-at="2022-12-06T07:21:37 IST">
      <class name="com.First.First">
        <test-method status="PASS" signature="test()[pri:0, instance:com.First.First@6121c9d6]" name="test" duration-ms="6" started-at="2022-12-06T07:21:37 IST" finished-at="2022-12-06T07:21:37 IST">
          <reporter-output>
          </reporter-output>
        </test-method> <!-- test -->
      </class> <!-- com.First.First -->
    </test> <!-- Test -->
  </suite> <!-- Suite -->
</testng-results>
